  Main.cpp
h:\mcgframeworksubmission\mcg_gfx_framework\shapes.h(80): warning C4244: 'initializing': conversion from 'float' to 'int', possible loss of data
h:\mcgframeworksubmission\mcg_gfx_framework\shapes.h(303): warning C4018: '<': signed/unsigned mismatch
h:\mcgframeworksubmission\mcg_gfx_framework\shapes.h(351): warning C4244: '=': conversion from 'double' to 'float', possible loss of data
h:\mcgframeworksubmission\mcg_gfx_framework\shapes.h(353): warning C4244: '=': conversion from 'double' to 'float', possible loss of data
h:\mcgframeworksubmission\mcg_gfx_framework\shapes.h(412): warning C4244: '=': conversion from 'double' to 'float', possible loss of data
h:\mcgframeworksubmission\mcg_gfx_framework\shapes.h(481): warning C4244: '=': conversion from 'float' to 'T', possible loss of data
          with
          [
              T=int
          ]
h:\mcgframeworksubmission\mcg_gfx_framework\shapes.h(491): warning C4244: '=': conversion from 'float' to 'T', possible loss of data
          with
          [
              T=int
          ]
h:\mcgframeworksubmission\mcg_gfx_framework\shapes.h(504): warning C4244: '=': conversion from 'float' to 'T', possible loss of data
          with
          [
              T=int
          ]
h:\mcgframeworksubmission\mcg_gfx_framework\shapes.h(514): warning C4244: '=': conversion from 'float' to 'T', possible loss of data
          with
          [
              T=int
          ]
h:\mcgframeworksubmission\mcg_gfx_framework\shapes.h(610): warning C4018: '<': signed/unsigned mismatch
  MCG_GFX_Lib.cpp
  Generating code
  201 of 205 functions (98.0%) were compiled, the rest were copied from previous compilation.
    1 functions were new in current compilation
    0 functions had inline decision re-evaluated but remain unchanged
  Finished generating code
  MCG_GFX_Framework.vcxproj -> H:\mcgFrameworkSubmission\Release\MCG_GFX_Framework.exe
